{"C:\\Users\\Jo\\Desktop\\Udacity\\Front End Web Developer\\evaluateNewsNLP\\src\\client\\js\\filterByTerm.js": {"path":"C:\\Users\\Jo\\Desktop\\Udacity\\Front End Web Developer\\evaluateNewsNLP\\src\\client\\js\\filterByTerm.js","statementMap":{"0":{"start":{"line":5,"column":4},"end":{"line":5,"column":63}},"1":{"start":{"line":5,"column":21},"end":{"line":5,"column":63}},"2":{"start":{"line":6,"column":4},"end":{"line":6,"column":66}},"3":{"start":{"line":6,"column":26},"end":{"line":6,"column":66}},"4":{"start":{"line":7,"column":18},"end":{"line":7,"column":45}},"5":{"start":{"line":8,"column":4},"end":{"line":10,"column":7}},"6":{"start":{"line":9,"column":6},"end":{"line":9,"column":43}},"7":{"start":{"line":13,"column":0},"end":{"line":13,"column":30}}},"fnMap":{"0":{"name":"filterByTerm","decl":{"start":{"line":4,"column":9},"end":{"line":4,"column":21}},"loc":{"start":{"line":4,"column":44},"end":{"line":11,"column":3}},"line":4},"1":{"name":"(anonymous_1)","decl":{"start":{"line":8,"column":27},"end":{"line":8,"column":28}},"loc":{"start":{"line":8,"column":50},"end":{"line":10,"column":5}},"line":8}},"branchMap":{"0":{"loc":{"start":{"line":5,"column":4},"end":{"line":5,"column":63}},"type":"if","locations":[{"start":{"line":5,"column":4},"end":{"line":5,"column":63}},{"start":{"line":5,"column":4},"end":{"line":5,"column":63}}],"line":5},"1":{"loc":{"start":{"line":6,"column":4},"end":{"line":6,"column":66}},"type":"if","locations":[{"start":{"line":6,"column":4},"end":{"line":6,"column":66}},{"start":{"line":6,"column":4},"end":{"line":6,"column":66}}],"line":6}},"s":{"0":2,"1":0,"2":2,"3":0,"4":2,"5":2,"6":6,"7":1},"f":{"0":2,"1":6},"b":{"0":[0,2],"1":[0,2]},"_coverageSchema":"1a1c01bbd47fc00a2c39e90264f33305004495a9","hash":"1feb8fcb019ccf36dd7551da7ba2f8ed92bc1009"}
}
